[ 2018-06-25T09:05:18+08:00 ] ::1 /ttt/index.php/regsiter/regsiter
INFO: [ app_init ] --START--
INFO: Run Behavior\BuildLiteBehavior [ RunTime:0.000000s ]
INFO: [ app_init ] --END-- [ RunTime:0.000977s ]
ERR: 无法加载模块:Regsiter

[ 2018-06-25T09:07:22+08:00 ] ::1 /ttt/index.php/regsiter/regsiter
INFO: [ app_init ] --START--
INFO: Run Behavior\BuildLiteBehavior [ RunTime:0.000000s ]
INFO: [ app_init ] --END-- [ RunTime:0.000977s ]
ERR: 无法加载模块:Regsiter

[ 2018-06-25T09:29:27+08:00 ] ::1 /ttt/index.php/regsiter/regsitershow
INFO: [ app_init ] --START--
INFO: Run Behavior\BuildLiteBehavior [ RunTime:0.000000s ]
INFO: [ app_init ] --END-- [ RunTime:0.000977s ]
ERR: 无法加载模块:Regsiter

[ 2018-06-25T09:29:29+08:00 ] ::1 /ttt/index.php/regsiter/regsitershow
INFO: [ app_init ] --START--
INFO: Run Behavior\BuildLiteBehavior [ RunTime:0.000000s ]
INFO: [ app_init ] --END-- [ RunTime:0.000000s ]
ERR: 无法加载模块:Regsiter

[ 2018-06-25T09:30:10+08:00 ] ::1 /ttt/index.php/regsiter/regsiter
INFO: [ app_init ] --START--
INFO: Run Behavior\BuildLiteBehavior [ RunTime:0.000000s ]
INFO: [ app_init ] --END-- [ RunTime:0.000000s ]
ERR: 无法加载模块:Regsiter

[ 2018-06-25T09:30:11+08:00 ] ::1 /ttt/index.php/regsiter/regsiter
INFO: [ app_init ] --START--
INFO: Run Behavior\BuildLiteBehavior [ RunTime:0.000000s ]
INFO: [ app_init ] --END-- [ RunTime:0.000977s ]
ERR: 无法加载模块:Regsiter

[ 2018-06-25T09:34:08+08:00 ] ::1 /ttt/index.php/regsiter/regsiter
INFO: [ app_init ] --START--
INFO: Run Behavior\BuildLiteBehavior [ RunTime:0.000000s ]
INFO: [ app_init ] --END-- [ RunTime:0.000000s ]
ERR: 无法加载模块:Regsiter

[ 2018-06-25T09:34:24+08:00 ] ::1 /ttt/index.php/regsiter/regsiter
INFO: [ app_init ] --START--
INFO: Run Behavior\BuildLiteBehavior [ RunTime:0.000000s ]
INFO: [ app_init ] --END-- [ RunTime:0.000977s ]
ERR: 无法加载模块:Regsiter

[ 2018-06-25T09:34:25+08:00 ] ::1 /ttt/index.php/regsiter/regsiter
INFO: [ app_init ] --START--
INFO: Run Behavior\BuildLiteBehavior [ RunTime:0.000977s ]
INFO: [ app_init ] --END-- [ RunTime:0.000977s ]
ERR: 无法加载模块:Regsiter

[ 2018-06-25T09:34:26+08:00 ] ::1 /ttt/index.php/regsiter/regsiter
INFO: [ app_init ] --START--
INFO: Run Behavior\BuildLiteBehavior [ RunTime:0.000000s ]
INFO: [ app_init ] --END-- [ RunTime:0.000976s ]
ERR: 无法加载模块:Regsiter

[ 2018-06-25T09:34:26+08:00 ] ::1 /ttt/index.php/regsiter/regsiter
INFO: [ app_init ] --START--
INFO: Run Behavior\BuildLiteBehavior [ RunTime:0.000000s ]
INFO: [ app_init ] --END-- [ RunTime:0.000000s ]
ERR: 无法加载模块:Regsiter

[ 2018-06-25T09:34:26+08:00 ] ::1 /ttt/index.php/regsiter/regsiter
INFO: [ app_init ] --START--
INFO: Run Behavior\BuildLiteBehavior [ RunTime:0.000000s ]
INFO: [ app_init ] --END-- [ RunTime:0.000977s ]
ERR: 无法加载模块:Regsiter

[ 2018-06-25T09:34:26+08:00 ] ::1 /ttt/index.php/regsiter/regsiter
INFO: [ app_init ] --START--
INFO: Run Behavior\BuildLiteBehavior [ RunTime:0.000000s ]
INFO: [ app_init ] --END-- [ RunTime:0.001953s ]
ERR: 无法加载模块:Regsiter

[ 2018-06-25T09:34:26+08:00 ] ::1 /ttt/index.php/regsiter/regsiter
INFO: [ app_init ] --START--
INFO: Run Behavior\BuildLiteBehavior [ RunTime:0.000000s ]
INFO: [ app_init ] --END-- [ RunTime:0.000976s ]
ERR: 无法加载模块:Regsiter

[ 2018-06-25T09:34:26+08:00 ] ::1 /ttt/index.php/regsiter/regsiter
INFO: [ app_init ] --START--
INFO: Run Behavior\BuildLiteBehavior [ RunTime:0.000000s ]
INFO: [ app_init ] --END-- [ RunTime:0.000000s ]
ERR: 无法加载模块:Regsiter

[ 2018-06-25T09:34:33+08:00 ] ::1 /ttt/index.php/regsiter/regsiter
INFO: [ app_init ] --START--
INFO: Run Behavior\BuildLiteBehavior [ RunTime:0.000000s ]
INFO: [ app_init ] --END-- [ RunTime:0.000976s ]
ERR: 无法加载模块:Regsiter

[ 2018-06-25T09:36:15+08:00 ] ::1 /ttt/index.php/regsiter/regsiter
INFO: [ app_init ] --START--
INFO: Run Behavior\BuildLiteBehavior [ RunTime:0.000000s ]
INFO: [ app_init ] --END-- [ RunTime:0.000977s ]
ERR: 无法加载模块:Regsiter

[ 2018-06-25T09:36:31+08:00 ] ::1 /ttt/index.php/regsiter/regsiter
INFO: [ app_init ] --START--
INFO: Run Behavior\BuildLiteBehavior [ RunTime:0.000000s ]
INFO: [ app_init ] --END-- [ RunTime:0.000977s ]
ERR: 无法加载模块:Regsiter

[ 2018-06-25T09:38:33+08:00 ] ::1 /ttt/index.php/regsiter/regsiter
INFO: [ app_init ] --START--
INFO: Run Behavior\BuildLiteBehavior [ RunTime:0.000000s ]
INFO: [ app_init ] --END-- [ RunTime:0.001953s ]
ERR: 无法加载模块:Regsiter

